<?xml version="1.0" encoding="UTF-8"?>
<testsuite xmlns:xsi="http://www.w3.org/2001/XMLSchema-instance" xsi:noNamespaceSchemaLocation="https://maven.apache.org/surefire/maven-surefire-plugin/xsd/surefire-test-report-3.0.xsd" version="3.0" name="org.example.BoomTest" time="3.656" tests="1" errors="0" skipped="0" failures="0">
  <properties>
    <property name="awt.toolkit" value="sun.awt.X11.XToolkit"/>
    <property name="java.specification.version" value="11"/>
    <property name="sun.cpu.isalist" value=""/>
    <property name="sun.jnu.encoding" value="UTF-8"/>
    <property name="java.class.path" value="/mnt/c/Users/kurel/IdeaProjects/ASTTreeAssignment/target/test-classes:/mnt/c/Users/kurel/IdeaProjects/ASTTreeAssignment/target/classes:/home/supertanki408/.m2/repository/org/apache/tapestry/tapestry-core/5.8.1/tapestry-core-5.8.1.jar:/home/supertanki408/.m2/repository/org/apache/tapestry/tapestry-ioc/5.8.1/tapestry-ioc-5.8.1.jar:/home/supertanki408/.m2/repository/org/apache/tapestry/tapestry-func/5.8.1/tapestry-func-5.8.1.jar:/home/supertanki408/.m2/repository/org/apache/tapestry/tapestry5-annotations/5.8.1/tapestry5-annotations-5.8.1.jar:/home/supertanki408/.m2/repository/org/apache/tapestry/plastic/5.8.1/plastic-5.8.1.jar:/home/supertanki408/.m2/repository/javax/inject/javax.inject/1/javax.inject-1.jar:/home/supertanki408/.m2/repository/org/apache/tapestry/tapestry-json/5.8.1/tapestry-json-5.8.1.jar:/home/supertanki408/.m2/repository/org/apache/tapestry/beanmodel/5.8.1/beanmodel-5.8.1.jar:/home/supertanki408/.m2/repository/org/apache/tapestry/commons/5.8.1/commons-5.8.1.jar:/home/supertanki408/.m2/repository/org/antlr/antlr/3.5.2/antlr-3.5.2.jar:/home/supertanki408/.m2/repository/org/antlr/ST4/4.0.8/ST4-4.0.8.jar:/home/supertanki408/.m2/repository/org/antlr/antlr-runtime/3.5.2/antlr-runtime-3.5.2.jar:/home/supertanki408/.m2/repository/org/apache/tapestry/tapestry-http/5.8.1/tapestry-http-5.8.1.jar:/home/supertanki408/.m2/repository/commons-io/commons-io/2.11.0/commons-io-2.11.0.jar:/home/supertanki408/.m2/repository/jakarta/annotation/jakarta.annotation-api/1.3.4/jakarta.annotation-api-1.3.4.jar:/home/supertanki408/.m2/repository/jakarta/xml/bind/jakarta.xml.bind-api/2.3.2/jakarta.xml.bind-api-2.3.2.jar:/home/supertanki408/.m2/repository/jakarta/activation/jakarta.activation-api/1.2.1/jakarta.activation-api-1.2.1.jar:/home/supertanki408/.m2/repository/org/glassfish/jaxb/jaxb-runtime/2.3.2/jaxb-runtime-2.3.2.jar:/home/supertanki408/.m2/repository/org/glassfish/jaxb/txw2/2.3.2/txw2-2.3.2.jar:/home/supertanki408/.m2/repository/com/sun/istack/istack-commons-runtime/3.0.8/istack-commons-runtime-3.0.8.jar:/home/supertanki408/.m2/repository/org/jvnet/staxex/stax-ex/1.8.1/stax-ex-1.8.1.jar:/home/supertanki408/.m2/repository/com/sun/xml/fastinfoset/FastInfoset/1.2.16/FastInfoset-1.2.16.jar:/home/supertanki408/.m2/repository/com/sun/xml/ws/jaxws-rt/2.3.2/jaxws-rt-2.3.2.jar:/home/supertanki408/.m2/repository/jakarta/xml/ws/jakarta.xml.ws-api/2.3.2/jakarta.xml.ws-api-2.3.2.jar:/home/supertanki408/.m2/repository/jakarta/xml/soap/jakarta.xml.soap-api/1.4.1/jakarta.xml.soap-api-1.4.1.jar:/home/supertanki408/.m2/repository/jakarta/jws/jakarta.jws-api/1.1.1/jakarta.jws-api-1.1.1.jar:/home/supertanki408/.m2/repository/com/sun/xml/ws/policy/2.7.6/policy-2.7.6.jar:/home/supertanki408/.m2/repository/org/glassfish/gmbal/gmbal/4.0.0/gmbal-4.0.0.jar:/home/supertanki408/.m2/repository/org/glassfish/external/management-api/3.2.1/management-api-3.2.1.jar:/home/supertanki408/.m2/repository/org/glassfish/pfl/pfl-basic/4.0.1/pfl-basic-4.0.1.jar:/home/supertanki408/.m2/repository/org/glassfish/pfl/pfl-tf/4.0.1/pfl-tf-4.0.1.jar:/home/supertanki408/.m2/repository/org/glassfish/pfl/pfl-asm/4.0.1/pfl-asm-4.0.1.jar:/home/supertanki408/.m2/repository/org/glassfish/pfl/pfl-dynamic/4.0.1/pfl-dynamic-4.0.1.jar:/home/supertanki408/.m2/repository/org/glassfish/pfl/pfl-basic-tools/4.0.1/pfl-basic-tools-4.0.1.jar:/home/supertanki408/.m2/repository/org/glassfish/pfl/pfl-tf-tools/4.0.1/pfl-tf-tools-4.0.1.jar:/home/supertanki408/.m2/repository/com/sun/xml/stream/buffer/streambuffer/1.5.7/streambuffer-1.5.7.jar:/home/supertanki408/.m2/repository/org/jvnet/mimepull/mimepull/1.9.11/mimepull-1.9.11.jar:/home/supertanki408/.m2/repository/org/glassfish/ha/ha-api/3.1.12/ha-api-3.1.12.jar:/home/supertanki408/.m2/repository/com/sun/xml/messaging/saaj/saaj-impl/1.5.1/saaj-impl-1.5.1.jar:/home/supertanki408/.m2/repository/com/fasterxml/woodstox/woodstox-core/5.1.0/woodstox-core-5.1.0.jar:/home/supertanki408/.m2/repository/org/codehaus/woodstox/stax2-api/4.1/stax2-api-4.1.jar:/home/supertanki408/.m2/repository/commons-codec/commons-codec/1.10/commons-codec-1.10.jar:/home/supertanki408/.m2/repository/org/apache/tapestry/tapestry-webresources/5.8.1/tapestry-webresources-5.8.1.jar:/home/supertanki408/.m2/repository/com/github/sommeri/less4j/1.12.0/less4j-1.12.0.jar:/home/supertanki408/.m2/repository/commons-beanutils/commons-beanutils/1.8.3/commons-beanutils-1.8.3.jar:/home/supertanki408/.m2/repository/commons-logging/commons-logging/1.1.1/commons-logging-1.1.1.jar:/home/supertanki408/.m2/repository/org/json/json/20090211/json-20090211.jar:/home/supertanki408/.m2/repository/com/google/protobuf/protobuf-java/2.5.0/protobuf-java-2.5.0.jar:/home/supertanki408/.m2/repository/com/google/javascript/closure-compiler-unshaded/v20200504/closure-compiler-unshaded-v20200504.jar:/home/supertanki408/.m2/repository/com/google/javascript/closure-compiler-externs/v20200504/closure-compiler-externs-v20200504.jar:/home/supertanki408/.m2/repository/args4j/args4j/2.0.26/args4j-2.0.26.jar:/home/supertanki408/.m2/repository/com/google/errorprone/error_prone_annotations/2.3.1/error_prone_annotations-2.3.1.jar:/home/supertanki408/.m2/repository/com/google/guava/guava/25.1-jre/guava-25.1-jre.jar:/home/supertanki408/.m2/repository/org/checkerframework/checker-qual/2.0.0/checker-qual-2.0.0.jar:/home/supertanki408/.m2/repository/com/google/j2objc/j2objc-annotations/1.1/j2objc-annotations-1.1.jar:/home/supertanki408/.m2/repository/org/codehaus/mojo/animal-sniffer-annotations/1.14/animal-sniffer-annotations-1.14.jar:/home/supertanki408/.m2/repository/com/google/code/gson/gson/2.7/gson-2.7.jar:/home/supertanki408/.m2/repository/com/google/code/findbugs/jsr305/3.0.1/jsr305-3.0.1.jar:/home/supertanki408/.m2/repository/com/google/jsinterop/jsinterop-annotations/1.0.2/jsinterop-annotations-1.0.2.jar:/home/supertanki408/.m2/repository/com/google/jsinterop/base/1.0.0/base-1.0.0.jar:/home/supertanki408/.m2/repository/com/google/elemental2/elemental2-core/1.0.0-RC1/elemental2-core-1.0.0-RC1.jar:/home/supertanki408/.m2/repository/com/google/re2j/re2j/1.3/re2j-1.3.jar:/home/supertanki408/.m2/repository/org/mozilla/rhino/1.7.7.2/rhino-1.7.7.2.jar:/home/supertanki408/.m2/repository/org/apache/tapestry/tapestry-test/5.8.1/tapestry-test-5.8.1.jar:/home/supertanki408/.m2/repository/org/apache/tapestry/tapestry-test-data/5.8.1/tapestry-test-data-5.8.1.jar:/home/supertanki408/.m2/repository/org/apache/tapestry/tapestry-runner/5.8.1/tapestry-runner-5.8.1.jar:/home/supertanki408/.m2/repository/org/apache/tapestry/tapestry-test-constants/5.8.1/tapestry-test-constants-5.8.1.jar:/home/supertanki408/.m2/repository/org/eclipse/jetty/jetty-server/8.1.19.v20160209/jetty-server-8.1.19.v20160209.jar:/home/supertanki408/.m2/repository/org/eclipse/jetty/orbit/javax.servlet/3.0.0.v201112011016/javax.servlet-3.0.0.v201112011016.jar:/home/supertanki408/.m2/repository/org/eclipse/jetty/jetty-continuation/8.1.19.v20160209/jetty-continuation-8.1.19.v20160209.jar:/home/supertanki408/.m2/repository/org/eclipse/jetty/jetty-http/8.1.19.v20160209/jetty-http-8.1.19.v20160209.jar:/home/supertanki408/.m2/repository/org/eclipse/jetty/jetty-io/8.1.19.v20160209/jetty-io-8.1.19.v20160209.jar:/home/supertanki408/.m2/repository/org/eclipse/jetty/jetty-jndi/8.1.19.v20160209/jetty-jndi-8.1.19.v20160209.jar:/home/supertanki408/.m2/repository/org/eclipse/jetty/orbit/javax.mail.glassfish/1.4.1.v201005082020/javax.mail.glassfish-1.4.1.v201005082020.jar:/home/supertanki408/.m2/repository/org/eclipse/jetty/orbit/javax.activation/1.1.0.v201105071233/javax.activation-1.1.0.v201105071233.jar:/home/supertanki408/.m2/repository/org/eclipse/jetty/jetty-plus/8.1.19.v20160209/jetty-plus-8.1.19.v20160209.jar:/home/supertanki408/.m2/repository/org/eclipse/jetty/orbit/javax.transaction/1.1.1.v201105210645/javax.transaction-1.1.1.v201105210645.jar:/home/supertanki408/.m2/repository/org/eclipse/jetty/jetty-webapp/8.1.19.v20160209/jetty-webapp-8.1.19.v20160209.jar:/home/supertanki408/.m2/repository/org/eclipse/jetty/jetty-xml/8.1.19.v20160209/jetty-xml-8.1.19.v20160209.jar:/home/supertanki408/.m2/repository/org/eclipse/jetty/jetty-util/8.1.19.v20160209/jetty-util-8.1.19.v20160209.jar:/home/supertanki408/.m2/repository/org/eclipse/jetty/jetty-servlet/8.1.19.v20160209/jetty-servlet-8.1.19.v20160209.jar:/home/supertanki408/.m2/repository/org/eclipse/jetty/jetty-security/8.1.19.v20160209/jetty-security-8.1.19.v20160209.jar:/home/supertanki408/.m2/repository/org/apache/tomcat/tomcat-catalina/7.0.70/tomcat-catalina-7.0.70.jar:/home/supertanki408/.m2/repository/org/apache/tomcat/tomcat-servlet-api/7.0.70/tomcat-servlet-api-7.0.70.jar:/home/supertanki408/.m2/repository/org/apache/tomcat/tomcat-juli/7.0.70/tomcat-juli-7.0.70.jar:/home/supertanki408/.m2/repository/org/apache/tomcat/tomcat-annotations-api/7.0.70/tomcat-annotations-api-7.0.70.jar:/home/supertanki408/.m2/repository/org/apache/tomcat/tomcat-api/7.0.70/tomcat-api-7.0.70.jar:/home/supertanki408/.m2/repository/org/apache/tomcat/tomcat-util/7.0.70/tomcat-util-7.0.70.jar:/home/supertanki408/.m2/repository/org/apache/tomcat/tomcat-coyote/7.0.70/tomcat-coyote-7.0.70.jar:/home/supertanki408/.m2/repository/org/apache/tomcat/tomcat-jasper/7.0.70/tomcat-jasper-7.0.70.jar:/home/supertanki408/.m2/repository/org/apache/tomcat/tomcat-jsp-api/7.0.70/tomcat-jsp-api-7.0.70.jar:/home/supertanki408/.m2/repository/org/apache/tomcat/tomcat-el-api/7.0.70/tomcat-el-api-7.0.70.jar:/home/supertanki408/.m2/repository/org/eclipse/jdt/core/compiler/ecj/4.4.2/ecj-4.4.2.jar:/home/supertanki408/.m2/repository/org/apache/tomcat/tomcat-jasper-el/7.0.70/tomcat-jasper-el-7.0.70.jar:/home/supertanki408/.m2/repository/org/apache/tomcat/tomcat-dbcp/7.0.70/tomcat-dbcp-7.0.70.jar:/home/supertanki408/.m2/repository/commons-cli/commons-cli/1.2/commons-cli-1.2.jar:/home/supertanki408/.m2/repository/io/github/bonigarcia/webdrivermanager/2.2.4/webdrivermanager-2.2.4.jar:/home/supertanki408/.m2/repository/org/apache/commons/commons-lang3/3.7/commons-lang3-3.7.jar:/home/supertanki408/.m2/repository/org/apache/httpcomponents/httpclient/4.5.5/httpclient-4.5.5.jar:/home/supertanki408/.m2/repository/org/apache/httpcomponents/httpcore/4.4.9/httpcore-4.4.9.jar:/home/supertanki408/.m2/repository/org/rauschig/jarchivelib/0.8.0/jarchivelib-0.8.0.jar:/home/supertanki408/.m2/repository/org/apache/commons/commons-compress/1.14/commons-compress-1.14.jar:/home/supertanki408/.m2/repository/org/jsoup/jsoup/1.11.3/jsoup-1.11.3.jar:/home/supertanki408/.m2/repository/org/seleniumhq/selenium/selenium-leg-rc/3.141.59/selenium-leg-rc-3.141.59.jar:/home/supertanki408/.m2/repository/org/seleniumhq/selenium/selenium-api/3.141.59/selenium-api-3.141.59.jar:/home/supertanki408/.m2/repository/org/seleniumhq/selenium/selenium-chrome-driver/3.141.59/selenium-chrome-driver-3.141.59.jar:/home/supertanki408/.m2/repository/org/seleniumhq/selenium/selenium-edge-driver/3.141.59/selenium-edge-driver-3.141.59.jar:/home/supertanki408/.m2/repository/org/seleniumhq/selenium/selenium-firefox-driver/3.141.59/selenium-firefox-driver-3.141.59.jar:/home/supertanki408/.m2/repository/org/seleniumhq/selenium/selenium-ie-driver/3.141.59/selenium-ie-driver-3.141.59.jar:/home/supertanki408/.m2/repository/org/seleniumhq/selenium/selenium-opera-driver/3.141.59/selenium-opera-driver-3.141.59.jar:/home/supertanki408/.m2/repository/org/seleniumhq/selenium/selenium-remote-driver/3.141.59/selenium-remote-driver-3.141.59.jar:/home/supertanki408/.m2/repository/org/seleniumhq/selenium/selenium-safari-driver/3.141.59/selenium-safari-driver-3.141.59.jar:/home/supertanki408/.m2/repository/org/apache/ant/ant/1.9.9/ant-1.9.9.jar:/home/supertanki408/.m2/repository/org/apache/ant/ant-launcher/1.9.9/ant-launcher-1.9.9.jar:/home/supertanki408/.m2/repository/com/beust/jcommander/1.72/jcommander-1.72.jar:/home/supertanki408/.m2/repository/net/bytebuddy/byte-buddy/1.8.15/byte-buddy-1.8.15.jar:/home/supertanki408/.m2/repository/org/apache/commons/commons-exec/1.3/commons-exec-1.3.jar:/home/supertanki408/.m2/repository/com/squareup/okhttp3/okhttp/3.11.0/okhttp-3.11.0.jar:/home/supertanki408/.m2/repository/com/squareup/okio/okio/1.14.0/okio-1.14.0.jar:/home/supertanki408/.m2/repository/org/seleniumhq/selenium/selenium-support/3.141.59/selenium-support-3.141.59.jar:/home/supertanki408/.m2/repository/org/testng/testng/6.14.3/testng-6.14.3.jar:/home/supertanki408/.m2/repository/org/apache-extras/beanshell/bsh/2.0b6/bsh-2.0b6.jar:/home/supertanki408/.m2/repository/org/easymock/easymock/3.3.1/easymock-3.3.1.jar:/home/supertanki408/.m2/repository/cglib/cglib/3.1/cglib-3.1.jar:/home/supertanki408/.m2/repository/org/ow2/asm/asm/5.0.3/asm-5.0.3.jar:/home/supertanki408/.m2/repository/org/objenesis/objenesis/2.1/objenesis-2.1.jar:/home/supertanki408/.m2/repository/org/junit/jupiter/junit-jupiter/5.8.2/junit-jupiter-5.8.2.jar:/home/supertanki408/.m2/repository/org/junit/jupiter/junit-jupiter-api/5.8.2/junit-jupiter-api-5.8.2.jar:/home/supertanki408/.m2/repository/org/opentest4j/opentest4j/1.2.0/opentest4j-1.2.0.jar:/home/supertanki408/.m2/repository/org/junit/platform/junit-platform-commons/1.8.2/junit-platform-commons-1.8.2.jar:/home/supertanki408/.m2/repository/org/apiguardian/apiguardian-api/1.1.2/apiguardian-api-1.1.2.jar:/home/supertanki408/.m2/repository/org/junit/jupiter/junit-jupiter-params/5.8.2/junit-jupiter-params-5.8.2.jar:/home/supertanki408/.m2/repository/org/junit/jupiter/junit-jupiter-engine/5.8.2/junit-jupiter-engine-5.8.2.jar:/home/supertanki408/.m2/repository/org/junit/platform/junit-platform-engine/1.8.2/junit-platform-engine-1.8.2.jar:/home/supertanki408/.m2/repository/org/apache/logging/log4j/log4j-api/2.17.2/log4j-api-2.17.2.jar:/home/supertanki408/.m2/repository/org/apache/logging/log4j/log4j-core/2.17.2/log4j-core-2.17.2.jar:/home/supertanki408/.m2/repository/org/apache/logging/log4j/log4j-slf4j-impl/2.17.2/log4j-slf4j-impl-2.17.2.jar:/home/supertanki408/.m2/repository/org/slf4j/slf4j-api/1.7.25/slf4j-api-1.7.25.jar:/home/supertanki408/.m2/repository/org/eclipse/yasson/2.0.4/yasson-2.0.4.jar:/home/supertanki408/.m2/repository/jakarta/json/bind/jakarta.json.bind-api/2.0.0/jakarta.json.bind-api-2.0.0.jar:/home/supertanki408/.m2/repository/jakarta/json/jakarta.json-api/2.0.0/jakarta.json-api-2.0.0.jar:/home/supertanki408/.m2/repository/org/glassfish/jakarta.json/2.0.0/jakarta.json-2.0.0-module.jar:/home/supertanki408/.m2/repository/com/fasterxml/jackson/core/jackson-core/2.13.1/jackson-core-2.13.1.jar:/home/supertanki408/.m2/repository/com/fasterxml/jackson/core/jackson-databind/2.13.1/jackson-databind-2.13.1.jar:/home/supertanki408/.m2/repository/com/fasterxml/jackson/core/jackson-annotations/2.13.1/jackson-annotations-2.13.1.jar:/home/supertanki408/.m2/repository/com/fasterxml/jackson/dataformat/jackson-dataformat-yaml/2.13.1/jackson-dataformat-yaml-2.13.1.jar:/home/supertanki408/.m2/repository/org/yaml/snakeyaml/1.28/snakeyaml-1.28.jar:/home/supertanki408/.m2/repository/javax/servlet/javax.servlet-api/3.1.0/javax.servlet-api-3.1.0.jar:/home/supertanki408/.m2/repository/junit/junit/4.12/junit-4.12.jar:/home/supertanki408/.m2/repository/org/hamcrest/hamcrest-core/1.3/hamcrest-core-1.3.jar:"/>
    <property name="java.vm.vendor" value="Ubuntu"/>
    <property name="sun.arch.data.model" value="64"/>
    <property name="java.vendor.url" value="https://ubuntu.com/"/>
    <property name="user.timezone" value="America/Chicago"/>
    <property name="java.vm.specification.version" value="11"/>
    <property name="os.name" value="Linux"/>
    <property name="sun.java.launcher" value="SUN_STANDARD"/>
    <property name="sun.boot.library.path" value="/usr/lib/jvm/java-11-openjdk-amd64/lib"/>
    <property name="sun.java.command" value="/mnt/c/Users/kurel/IdeaProjects/ASTTreeAssignment/target/surefire/surefirebooter120379660872489429.jar /mnt/c/Users/kurel/IdeaProjects/ASTTreeAssignment/target/surefire 2022-04-08T07-51-33_715-jvmRun1 surefire9914591181880363923tmp surefire_18337212766510224415tmp"/>
    <property name="jdk.debug" value="release"/>
    <property name="surefire.test.class.path" value="/mnt/c/Users/kurel/IdeaProjects/ASTTreeAssignment/target/test-classes:/mnt/c/Users/kurel/IdeaProjects/ASTTreeAssignment/target/classes:/home/supertanki408/.m2/repository/org/apache/tapestry/tapestry-core/5.8.1/tapestry-core-5.8.1.jar:/home/supertanki408/.m2/repository/org/apache/tapestry/tapestry-ioc/5.8.1/tapestry-ioc-5.8.1.jar:/home/supertanki408/.m2/repository/org/apache/tapestry/tapestry-func/5.8.1/tapestry-func-5.8.1.jar:/home/supertanki408/.m2/repository/org/apache/tapestry/tapestry5-annotations/5.8.1/tapestry5-annotations-5.8.1.jar:/home/supertanki408/.m2/repository/org/apache/tapestry/plastic/5.8.1/plastic-5.8.1.jar:/home/supertanki408/.m2/repository/javax/inject/javax.inject/1/javax.inject-1.jar:/home/supertanki408/.m2/repository/org/apache/tapestry/tapestry-json/5.8.1/tapestry-json-5.8.1.jar:/home/supertanki408/.m2/repository/org/apache/tapestry/beanmodel/5.8.1/beanmodel-5.8.1.jar:/home/supertanki408/.m2/repository/org/apache/tapestry/commons/5.8.1/commons-5.8.1.jar:/home/supertanki408/.m2/repository/org/antlr/antlr/3.5.2/antlr-3.5.2.jar:/home/supertanki408/.m2/repository/org/antlr/ST4/4.0.8/ST4-4.0.8.jar:/home/supertanki408/.m2/repository/org/antlr/antlr-runtime/3.5.2/antlr-runtime-3.5.2.jar:/home/supertanki408/.m2/repository/org/apache/tapestry/tapestry-http/5.8.1/tapestry-http-5.8.1.jar:/home/supertanki408/.m2/repository/commons-io/commons-io/2.11.0/commons-io-2.11.0.jar:/home/supertanki408/.m2/repository/jakarta/annotation/jakarta.annotation-api/1.3.4/jakarta.annotation-api-1.3.4.jar:/home/supertanki408/.m2/repository/jakarta/xml/bind/jakarta.xml.bind-api/2.3.2/jakarta.xml.bind-api-2.3.2.jar:/home/supertanki408/.m2/repository/jakarta/activation/jakarta.activation-api/1.2.1/jakarta.activation-api-1.2.1.jar:/home/supertanki408/.m2/repository/org/glassfish/jaxb/jaxb-runtime/2.3.2/jaxb-runtime-2.3.2.jar:/home/supertanki408/.m2/repository/org/glassfish/jaxb/txw2/2.3.2/txw2-2.3.2.jar:/home/supertanki408/.m2/repository/com/sun/istack/istack-commons-runtime/3.0.8/istack-commons-runtime-3.0.8.jar:/home/supertanki408/.m2/repository/org/jvnet/staxex/stax-ex/1.8.1/stax-ex-1.8.1.jar:/home/supertanki408/.m2/repository/com/sun/xml/fastinfoset/FastInfoset/1.2.16/FastInfoset-1.2.16.jar:/home/supertanki408/.m2/repository/com/sun/xml/ws/jaxws-rt/2.3.2/jaxws-rt-2.3.2.jar:/home/supertanki408/.m2/repository/jakarta/xml/ws/jakarta.xml.ws-api/2.3.2/jakarta.xml.ws-api-2.3.2.jar:/home/supertanki408/.m2/repository/jakarta/xml/soap/jakarta.xml.soap-api/1.4.1/jakarta.xml.soap-api-1.4.1.jar:/home/supertanki408/.m2/repository/jakarta/jws/jakarta.jws-api/1.1.1/jakarta.jws-api-1.1.1.jar:/home/supertanki408/.m2/repository/com/sun/xml/ws/policy/2.7.6/policy-2.7.6.jar:/home/supertanki408/.m2/repository/org/glassfish/gmbal/gmbal/4.0.0/gmbal-4.0.0.jar:/home/supertanki408/.m2/repository/org/glassfish/external/management-api/3.2.1/management-api-3.2.1.jar:/home/supertanki408/.m2/repository/org/glassfish/pfl/pfl-basic/4.0.1/pfl-basic-4.0.1.jar:/home/supertanki408/.m2/repository/org/glassfish/pfl/pfl-tf/4.0.1/pfl-tf-4.0.1.jar:/home/supertanki408/.m2/repository/org/glassfish/pfl/pfl-asm/4.0.1/pfl-asm-4.0.1.jar:/home/supertanki408/.m2/repository/org/glassfish/pfl/pfl-dynamic/4.0.1/pfl-dynamic-4.0.1.jar:/home/supertanki408/.m2/repository/org/glassfish/pfl/pfl-basic-tools/4.0.1/pfl-basic-tools-4.0.1.jar:/home/supertanki408/.m2/repository/org/glassfish/pfl/pfl-tf-tools/4.0.1/pfl-tf-tools-4.0.1.jar:/home/supertanki408/.m2/repository/com/sun/xml/stream/buffer/streambuffer/1.5.7/streambuffer-1.5.7.jar:/home/supertanki408/.m2/repository/org/jvnet/mimepull/mimepull/1.9.11/mimepull-1.9.11.jar:/home/supertanki408/.m2/repository/org/glassfish/ha/ha-api/3.1.12/ha-api-3.1.12.jar:/home/supertanki408/.m2/repository/com/sun/xml/messaging/saaj/saaj-impl/1.5.1/saaj-impl-1.5.1.jar:/home/supertanki408/.m2/repository/com/fasterxml/woodstox/woodstox-core/5.1.0/woodstox-core-5.1.0.jar:/home/supertanki408/.m2/repository/org/codehaus/woodstox/stax2-api/4.1/stax2-api-4.1.jar:/home/supertanki408/.m2/repository/commons-codec/commons-codec/1.10/commons-codec-1.10.jar:/home/supertanki408/.m2/repository/org/apache/tapestry/tapestry-webresources/5.8.1/tapestry-webresources-5.8.1.jar:/home/supertanki408/.m2/repository/com/github/sommeri/less4j/1.12.0/less4j-1.12.0.jar:/home/supertanki408/.m2/repository/commons-beanutils/commons-beanutils/1.8.3/commons-beanutils-1.8.3.jar:/home/supertanki408/.m2/repository/commons-logging/commons-logging/1.1.1/commons-logging-1.1.1.jar:/home/supertanki408/.m2/repository/org/json/json/20090211/json-20090211.jar:/home/supertanki408/.m2/repository/com/google/protobuf/protobuf-java/2.5.0/protobuf-java-2.5.0.jar:/home/supertanki408/.m2/repository/com/google/javascript/closure-compiler-unshaded/v20200504/closure-compiler-unshaded-v20200504.jar:/home/supertanki408/.m2/repository/com/google/javascript/closure-compiler-externs/v20200504/closure-compiler-externs-v20200504.jar:/home/supertanki408/.m2/repository/args4j/args4j/2.0.26/args4j-2.0.26.jar:/home/supertanki408/.m2/repository/com/google/errorprone/error_prone_annotations/2.3.1/error_prone_annotations-2.3.1.jar:/home/supertanki408/.m2/repository/com/google/guava/guava/25.1-jre/guava-25.1-jre.jar:/home/supertanki408/.m2/repository/org/checkerframework/checker-qual/2.0.0/checker-qual-2.0.0.jar:/home/supertanki408/.m2/repository/com/google/j2objc/j2objc-annotations/1.1/j2objc-annotations-1.1.jar:/home/supertanki408/.m2/repository/org/codehaus/mojo/animal-sniffer-annotations/1.14/animal-sniffer-annotations-1.14.jar:/home/supertanki408/.m2/repository/com/google/code/gson/gson/2.7/gson-2.7.jar:/home/supertanki408/.m2/repository/com/google/code/findbugs/jsr305/3.0.1/jsr305-3.0.1.jar:/home/supertanki408/.m2/repository/com/google/jsinterop/jsinterop-annotations/1.0.2/jsinterop-annotations-1.0.2.jar:/home/supertanki408/.m2/repository/com/google/jsinterop/base/1.0.0/base-1.0.0.jar:/home/supertanki408/.m2/repository/com/google/elemental2/elemental2-core/1.0.0-RC1/elemental2-core-1.0.0-RC1.jar:/home/supertanki408/.m2/repository/com/google/re2j/re2j/1.3/re2j-1.3.jar:/home/supertanki408/.m2/repository/org/mozilla/rhino/1.7.7.2/rhino-1.7.7.2.jar:/home/supertanki408/.m2/repository/org/apache/tapestry/tapestry-test/5.8.1/tapestry-test-5.8.1.jar:/home/supertanki408/.m2/repository/org/apache/tapestry/tapestry-test-data/5.8.1/tapestry-test-data-5.8.1.jar:/home/supertanki408/.m2/repository/org/apache/tapestry/tapestry-runner/5.8.1/tapestry-runner-5.8.1.jar:/home/supertanki408/.m2/repository/org/apache/tapestry/tapestry-test-constants/5.8.1/tapestry-test-constants-5.8.1.jar:/home/supertanki408/.m2/repository/org/eclipse/jetty/jetty-server/8.1.19.v20160209/jetty-server-8.1.19.v20160209.jar:/home/supertanki408/.m2/repository/org/eclipse/jetty/orbit/javax.servlet/3.0.0.v201112011016/javax.servlet-3.0.0.v201112011016.jar:/home/supertanki408/.m2/repository/org/eclipse/jetty/jetty-continuation/8.1.19.v20160209/jetty-continuation-8.1.19.v20160209.jar:/home/supertanki408/.m2/repository/org/eclipse/jetty/jetty-http/8.1.19.v20160209/jetty-http-8.1.19.v20160209.jar:/home/supertanki408/.m2/repository/org/eclipse/jetty/jetty-io/8.1.19.v20160209/jetty-io-8.1.19.v20160209.jar:/home/supertanki408/.m2/repository/org/eclipse/jetty/jetty-jndi/8.1.19.v20160209/jetty-jndi-8.1.19.v20160209.jar:/home/supertanki408/.m2/repository/org/eclipse/jetty/orbit/javax.mail.glassfish/1.4.1.v201005082020/javax.mail.glassfish-1.4.1.v201005082020.jar:/home/supertanki408/.m2/repository/org/eclipse/jetty/orbit/javax.activation/1.1.0.v201105071233/javax.activation-1.1.0.v201105071233.jar:/home/supertanki408/.m2/repository/org/eclipse/jetty/jetty-plus/8.1.19.v20160209/jetty-plus-8.1.19.v20160209.jar:/home/supertanki408/.m2/repository/org/eclipse/jetty/orbit/javax.transaction/1.1.1.v201105210645/javax.transaction-1.1.1.v201105210645.jar:/home/supertanki408/.m2/repository/org/eclipse/jetty/jetty-webapp/8.1.19.v20160209/jetty-webapp-8.1.19.v20160209.jar:/home/supertanki408/.m2/repository/org/eclipse/jetty/jetty-xml/8.1.19.v20160209/jetty-xml-8.1.19.v20160209.jar:/home/supertanki408/.m2/repository/org/eclipse/jetty/jetty-util/8.1.19.v20160209/jetty-util-8.1.19.v20160209.jar:/home/supertanki408/.m2/repository/org/eclipse/jetty/jetty-servlet/8.1.19.v20160209/jetty-servlet-8.1.19.v20160209.jar:/home/supertanki408/.m2/repository/org/eclipse/jetty/jetty-security/8.1.19.v20160209/jetty-security-8.1.19.v20160209.jar:/home/supertanki408/.m2/repository/org/apache/tomcat/tomcat-catalina/7.0.70/tomcat-catalina-7.0.70.jar:/home/supertanki408/.m2/repository/org/apache/tomcat/tomcat-servlet-api/7.0.70/tomcat-servlet-api-7.0.70.jar:/home/supertanki408/.m2/repository/org/apache/tomcat/tomcat-juli/7.0.70/tomcat-juli-7.0.70.jar:/home/supertanki408/.m2/repository/org/apache/tomcat/tomcat-annotations-api/7.0.70/tomcat-annotations-api-7.0.70.jar:/home/supertanki408/.m2/repository/org/apache/tomcat/tomcat-api/7.0.70/tomcat-api-7.0.70.jar:/home/supertanki408/.m2/repository/org/apache/tomcat/tomcat-util/7.0.70/tomcat-util-7.0.70.jar:/home/supertanki408/.m2/repository/org/apache/tomcat/tomcat-coyote/7.0.70/tomcat-coyote-7.0.70.jar:/home/supertanki408/.m2/repository/org/apache/tomcat/tomcat-jasper/7.0.70/tomcat-jasper-7.0.70.jar:/home/supertanki408/.m2/repository/org/apache/tomcat/tomcat-jsp-api/7.0.70/tomcat-jsp-api-7.0.70.jar:/home/supertanki408/.m2/repository/org/apache/tomcat/tomcat-el-api/7.0.70/tomcat-el-api-7.0.70.jar:/home/supertanki408/.m2/repository/org/eclipse/jdt/core/compiler/ecj/4.4.2/ecj-4.4.2.jar:/home/supertanki408/.m2/repository/org/apache/tomcat/tomcat-jasper-el/7.0.70/tomcat-jasper-el-7.0.70.jar:/home/supertanki408/.m2/repository/org/apache/tomcat/tomcat-dbcp/7.0.70/tomcat-dbcp-7.0.70.jar:/home/supertanki408/.m2/repository/commons-cli/commons-cli/1.2/commons-cli-1.2.jar:/home/supertanki408/.m2/repository/io/github/bonigarcia/webdrivermanager/2.2.4/webdrivermanager-2.2.4.jar:/home/supertanki408/.m2/repository/org/apache/commons/commons-lang3/3.7/commons-lang3-3.7.jar:/home/supertanki408/.m2/repository/org/apache/httpcomponents/httpclient/4.5.5/httpclient-4.5.5.jar:/home/supertanki408/.m2/repository/org/apache/httpcomponents/httpcore/4.4.9/httpcore-4.4.9.jar:/home/supertanki408/.m2/repository/org/rauschig/jarchivelib/0.8.0/jarchivelib-0.8.0.jar:/home/supertanki408/.m2/repository/org/apache/commons/commons-compress/1.14/commons-compress-1.14.jar:/home/supertanki408/.m2/repository/org/jsoup/jsoup/1.11.3/jsoup-1.11.3.jar:/home/supertanki408/.m2/repository/org/seleniumhq/selenium/selenium-leg-rc/3.141.59/selenium-leg-rc-3.141.59.jar:/home/supertanki408/.m2/repository/org/seleniumhq/selenium/selenium-api/3.141.59/selenium-api-3.141.59.jar:/home/supertanki408/.m2/repository/org/seleniumhq/selenium/selenium-chrome-driver/3.141.59/selenium-chrome-driver-3.141.59.jar:/home/supertanki408/.m2/repository/org/seleniumhq/selenium/selenium-edge-driver/3.141.59/selenium-edge-driver-3.141.59.jar:/home/supertanki408/.m2/repository/org/seleniumhq/selenium/selenium-firefox-driver/3.141.59/selenium-firefox-driver-3.141.59.jar:/home/supertanki408/.m2/repository/org/seleniumhq/selenium/selenium-ie-driver/3.141.59/selenium-ie-driver-3.141.59.jar:/home/supertanki408/.m2/repository/org/seleniumhq/selenium/selenium-opera-driver/3.141.59/selenium-opera-driver-3.141.59.jar:/home/supertanki408/.m2/repository/org/seleniumhq/selenium/selenium-remote-driver/3.141.59/selenium-remote-driver-3.141.59.jar:/home/supertanki408/.m2/repository/org/seleniumhq/selenium/selenium-safari-driver/3.141.59/selenium-safari-driver-3.141.59.jar:/home/supertanki408/.m2/repository/org/apache/ant/ant/1.9.9/ant-1.9.9.jar:/home/supertanki408/.m2/repository/org/apache/ant/ant-launcher/1.9.9/ant-launcher-1.9.9.jar:/home/supertanki408/.m2/repository/com/beust/jcommander/1.72/jcommander-1.72.jar:/home/supertanki408/.m2/repository/net/bytebuddy/byte-buddy/1.8.15/byte-buddy-1.8.15.jar:/home/supertanki408/.m2/repository/org/apache/commons/commons-exec/1.3/commons-exec-1.3.jar:/home/supertanki408/.m2/repository/com/squareup/okhttp3/okhttp/3.11.0/okhttp-3.11.0.jar:/home/supertanki408/.m2/repository/com/squareup/okio/okio/1.14.0/okio-1.14.0.jar:/home/supertanki408/.m2/repository/org/seleniumhq/selenium/selenium-support/3.141.59/selenium-support-3.141.59.jar:/home/supertanki408/.m2/repository/org/testng/testng/6.14.3/testng-6.14.3.jar:/home/supertanki408/.m2/repository/org/apache-extras/beanshell/bsh/2.0b6/bsh-2.0b6.jar:/home/supertanki408/.m2/repository/org/easymock/easymock/3.3.1/easymock-3.3.1.jar:/home/supertanki408/.m2/repository/cglib/cglib/3.1/cglib-3.1.jar:/home/supertanki408/.m2/repository/org/ow2/asm/asm/5.0.3/asm-5.0.3.jar:/home/supertanki408/.m2/repository/org/objenesis/objenesis/2.1/objenesis-2.1.jar:/home/supertanki408/.m2/repository/org/junit/jupiter/junit-jupiter/5.8.2/junit-jupiter-5.8.2.jar:/home/supertanki408/.m2/repository/org/junit/jupiter/junit-jupiter-api/5.8.2/junit-jupiter-api-5.8.2.jar:/home/supertanki408/.m2/repository/org/opentest4j/opentest4j/1.2.0/opentest4j-1.2.0.jar:/home/supertanki408/.m2/repository/org/junit/platform/junit-platform-commons/1.8.2/junit-platform-commons-1.8.2.jar:/home/supertanki408/.m2/repository/org/apiguardian/apiguardian-api/1.1.2/apiguardian-api-1.1.2.jar:/home/supertanki408/.m2/repository/org/junit/jupiter/junit-jupiter-params/5.8.2/junit-jupiter-params-5.8.2.jar:/home/supertanki408/.m2/repository/org/junit/jupiter/junit-jupiter-engine/5.8.2/junit-jupiter-engine-5.8.2.jar:/home/supertanki408/.m2/repository/org/junit/platform/junit-platform-engine/1.8.2/junit-platform-engine-1.8.2.jar:/home/supertanki408/.m2/repository/org/apache/logging/log4j/log4j-api/2.17.2/log4j-api-2.17.2.jar:/home/supertanki408/.m2/repository/org/apache/logging/log4j/log4j-core/2.17.2/log4j-core-2.17.2.jar:/home/supertanki408/.m2/repository/org/apache/logging/log4j/log4j-slf4j-impl/2.17.2/log4j-slf4j-impl-2.17.2.jar:/home/supertanki408/.m2/repository/org/slf4j/slf4j-api/1.7.25/slf4j-api-1.7.25.jar:/home/supertanki408/.m2/repository/org/eclipse/yasson/2.0.4/yasson-2.0.4.jar:/home/supertanki408/.m2/repository/jakarta/json/bind/jakarta.json.bind-api/2.0.0/jakarta.json.bind-api-2.0.0.jar:/home/supertanki408/.m2/repository/jakarta/json/jakarta.json-api/2.0.0/jakarta.json-api-2.0.0.jar:/home/supertanki408/.m2/repository/org/glassfish/jakarta.json/2.0.0/jakarta.json-2.0.0-module.jar:/home/supertanki408/.m2/repository/com/fasterxml/jackson/core/jackson-core/2.13.1/jackson-core-2.13.1.jar:/home/supertanki408/.m2/repository/com/fasterxml/jackson/core/jackson-databind/2.13.1/jackson-databind-2.13.1.jar:/home/supertanki408/.m2/repository/com/fasterxml/jackson/core/jackson-annotations/2.13.1/jackson-annotations-2.13.1.jar:/home/supertanki408/.m2/repository/com/fasterxml/jackson/dataformat/jackson-dataformat-yaml/2.13.1/jackson-dataformat-yaml-2.13.1.jar:/home/supertanki408/.m2/repository/org/yaml/snakeyaml/1.28/snakeyaml-1.28.jar:/home/supertanki408/.m2/repository/javax/servlet/javax.servlet-api/3.1.0/javax.servlet-api-3.1.0.jar:/home/supertanki408/.m2/repository/junit/junit/4.12/junit-4.12.jar:/home/supertanki408/.m2/repository/org/hamcrest/hamcrest-core/1.3/hamcrest-core-1.3.jar:"/>
    <property name="sun.cpu.endian" value="little"/>
    <property name="user.home" value="/home/supertanki408"/>
    <property name="user.language" value="en"/>
    <property name="java.specification.vendor" value="Oracle Corporation"/>
    <property name="java.version.date" value="2022-02-08"/>
    <property name="java.home" value="/usr/lib/jvm/java-11-openjdk-amd64"/>
    <property name="file.separator" value="/"/>
    <property name="basedir" value="/mnt/c/Users/kurel/IdeaProjects/ASTTreeAssignment"/>
    <property name="java.vm.compressedOopsMode" value="32-bit"/>
    <property name="line.separator" value="&#10;"/>
    <property name="java.specification.name" value="Java Platform API Specification"/>
    <property name="java.vm.specification.vendor" value="Oracle Corporation"/>
    <property name="java.awt.graphicsenv" value="sun.awt.X11GraphicsEnvironment"/>
    <property name="surefire.real.class.path" value="/mnt/c/Users/kurel/IdeaProjects/ASTTreeAssignment/target/surefire/surefirebooter120379660872489429.jar"/>
    <property name="sun.management.compiler" value="HotSpot 64-Bit Tiered Compilers"/>
    <property name="java.runtime.version" value="11.0.14.1+1-Ubuntu-0ubuntu1.20.04"/>
    <property name="user.name" value="supertanki408"/>
    <property name="path.separator" value=":"/>
    <property name="os.version" value="5.10.16.3-microsoft-standard-WSL2"/>
    <property name="java.runtime.name" value="OpenJDK Runtime Environment"/>
    <property name="file.encoding" value="UTF-8"/>
    <property name="java.vm.name" value="OpenJDK 64-Bit Server VM"/>
    <property name="localRepository" value="/home/supertanki408/.m2/repository"/>
    <property name="java.vendor.url.bug" value="https://bugs.launchpad.net/ubuntu/+source/openjdk-lts"/>
    <property name="java.io.tmpdir" value="/tmp"/>
    <property name="java.version" value="11.0.14.1"/>
    <property name="user.dir" value="/mnt/c/Users/kurel/IdeaProjects/ASTTreeAssignment"/>
    <property name="os.arch" value="amd64"/>
    <property name="java.vm.specification.name" value="Java Virtual Machine Specification"/>
    <property name="java.awt.printerjob" value="sun.print.PSPrinterJob"/>
    <property name="sun.os.patch.level" value="unknown"/>
    <property name="java.library.path" value="/usr/java/packages/lib:/usr/lib/x86_64-linux-gnu/jni:/lib/x86_64-linux-gnu:/usr/lib/x86_64-linux-gnu:/usr/lib/jni:/lib:/usr/lib"/>
    <property name="java.vm.info" value="mixed mode, sharing"/>
    <property name="java.vendor" value="Ubuntu"/>
    <property name="java.vm.version" value="11.0.14.1+1-Ubuntu-0ubuntu1.20.04"/>
    <property name="propertyName" value="firefox"/>
    <property name="sun.io.unicode.encoding" value="UnicodeLittle"/>
    <property name="java.class.version" value="55.0"/>
  </properties>
  <testcase name="test_JUnit on test_JUnit(org.example.BoomTest)" classname="org.example.BoomTest" time="0.015">
    <system-out><![CDATA[This is the testcase in this class
]]></system-out>
  </testcase>
</testsuite>