<?xml version="1.0" encoding="UTF-8"?>
<!-- Generated by org.testng.reporters.JUnitReportReporter -->
<testsuite hostname="Suryas" failures="0" tests="1" name="org.example.BoomTest" time="0.160" errors="0" timestamp="08 Apr 2022 12:51:41 GMT" skipped="0">
  <testcase classname="org.example.BoomTest" name="test_JUnit" time="0.160"/>
</testsuite> <!-- org.example.BoomTest -->
