<?xml version="1.0" encoding="UTF-8"?>
<!-- Generated by org.testng.reporters.JUnitReportReporter -->
<testsuite skipped="0" hostname="Suryas" name="org.example.BoomTest" tests="1" failures="0" timestamp="08 Apr 2022 21:06:15 GMT" time="0.000" errors="0">
  <testcase name="test_JUnit" time="0.000" classname="org.example.BoomTest"/>
</testsuite> <!-- org.example.BoomTest -->
