<?xml version="1.0" encoding="UTF-8"?>
<!-- Generated by org.testng.reporters.JUnitReportReporter -->
<testsuite skipped="0" hostname="Suryas" name="org.example.BoomTest" tests="1" failures="0" timestamp="09 Apr 2022 16:31:26 GMT" time="0.001" errors="0">
  <testcase name="test_JUnit" time="0.001" classname="org.example.BoomTest"/>
</testsuite> <!-- org.example.BoomTest -->
